Determining if the pthread_create exist failed with the following output:
Change Dir: /home/chaycv/wkcatkin/trackingobject/build/CMakeFiles/CMakeTmp

Run Build Command:/usr/bin/make "cmTryCompileExec2481408988/fast"
/usr/bin/make -f CMakeFiles/cmTryCompileExec2481408988.dir/build.make CMakeFiles/cmTryCompileExec2481408988.dir/build
make[1]: Entering directory `/home/chaycv/wkcatkin/trackingobject/build/CMakeFiles/CMakeTmp'
/usr/bin/cmake -E cmake_progress_report /home/chaycv/wkcatkin/trackingobject/build/CMakeFiles/CMakeTmp/CMakeFiles 1
Building C object CMakeFiles/cmTryCompileExec2481408988.dir/CheckSymbolExists.c.o
/usr/bin/cc    -o CMakeFiles/cmTryCompileExec2481408988.dir/CheckSymbolExists.c.o   -c /home/chaycv/wkcatkin/trackingobject/build/CMakeFiles/CMakeTmp/CheckSymbolExists.c
Linking C executable cmTryCompileExec2481408988
/usr/bin/cmake -E cmake_link_script CMakeFiles/cmTryCompileExec2481408988.dir/link.txt --verbose=1
/usr/bin/cc       CMakeFiles/cmTryCompileExec2481408988.dir/CheckSymbolExists.c.o  -o cmTryCompileExec2481408988 -rdynamic 
CMakeFiles/cmTryCompileExec2481408988.dir/CheckSymbolExists.c.o: In function `main':
CheckSymbolExists.c:(.text+0x16): undefined reference to `pthread_create'
collect2: error: ld returned 1 exit status
make[1]: *** [cmTryCompileExec2481408988] Error 1
make[1]: Leaving directory `/home/chaycv/wkcatkin/trackingobject/build/CMakeFiles/CMakeTmp'
make: *** [cmTryCompileExec2481408988/fast] Error 2

File /home/chaycv/wkcatkin/trackingobject/build/CMakeFiles/CMakeTmp/CheckSymbolExists.c:
/* */
#include <pthread.h>

int main(int argc, char** argv)
{
  (void)argv;
#ifndef pthread_create
  return ((int*)(&pthread_create))[argc];
#else
  (void)argc;
  return 0;
#endif
}

Determining if the function pthread_create exists in the pthreads failed with the following output:
Change Dir: /home/chaycv/wkcatkin/trackingobject/build/CMakeFiles/CMakeTmp

Run Build Command:/usr/bin/make "cmTryCompileExec2294178169/fast"
/usr/bin/make -f CMakeFiles/cmTryCompileExec2294178169.dir/build.make CMakeFiles/cmTryCompileExec2294178169.dir/build
make[1]: Entering directory `/home/chaycv/wkcatkin/trackingobject/build/CMakeFiles/CMakeTmp'
/usr/bin/cmake -E cmake_progress_report /home/chaycv/wkcatkin/trackingobject/build/CMakeFiles/CMakeTmp/CMakeFiles 1
Building C object CMakeFiles/cmTryCompileExec2294178169.dir/CheckFunctionExists.c.o
/usr/bin/cc   -DCHECK_FUNCTION_EXISTS=pthread_create   -o CMakeFiles/cmTryCompileExec2294178169.dir/CheckFunctionExists.c.o   -c /usr/share/cmake-2.8/Modules/CheckFunctionExists.c
Linking C executable cmTryCompileExec2294178169
/usr/bin/cmake -E cmake_link_script CMakeFiles/cmTryCompileExec2294178169.dir/link.txt --verbose=1
/usr/bin/cc   -DCHECK_FUNCTION_EXISTS=pthread_create    CMakeFiles/cmTryCompileExec2294178169.dir/CheckFunctionExists.c.o  -o cmTryCompileExec2294178169 -rdynamic -lpthreads 
/usr/bin/ld: cannot find -lpthreads
collect2: error: ld returned 1 exit status
make[1]: *** [cmTryCompileExec2294178169] Error 1
make[1]: Leaving directory `/home/chaycv/wkcatkin/trackingobject/build/CMakeFiles/CMakeTmp'
make: *** [cmTryCompileExec2294178169/fast] Error 2


